[debug] [2021-07-13T08:48:24.606Z] ----------------------------------------------------------------------
[debug] [2021-07-13T08:48:24.609Z] Command:       /usr/local/bin/node /home/gevorg/projects/SWFilms/node_modules/.bin/firebase init
[debug] [2021-07-13T08:48:24.609Z] CLI Version:   9.16.0
[debug] [2021-07-13T08:48:24.610Z] Platform:      linux
[debug] [2021-07-13T08:48:24.610Z] Node Version:  v14.17.1
[debug] [2021-07-13T08:48:24.610Z] Time:          Tue Jul 13 2021 15:48:24 GMT+0700 (Красноярск, стандартное время)
[debug] [2021-07-13T08:48:24.610Z] ----------------------------------------------------------------------
[debug] 
[debug] [2021-07-13T08:48:24.616Z] > command requires scopes: ["email","openid","https://www.googleapis.com/auth/cloudplatformprojects.readonly","https://www.googleapis.com/auth/firebase","https://www.googleapis.com/auth/cloud-platform"]
[debug] [2021-07-13T08:48:24.616Z] > authorizing via signed-in user (gevorg.gevorgyan@saritasa.com)
[info] 
     ######## #### ########  ######## ########     ###     ######  ########
     ##        ##  ##     ## ##       ##     ##  ##   ##  ##       ##
     ######    ##  ########  ######   ########  #########  ######  ######
     ##        ##  ##    ##  ##       ##     ## ##     ##       ## ##
     ##       #### ##     ## ######## ########  ##     ##  ######  ########

You're about to initialize a Firebase project in this directory:

  /home/gevorg/projects/SWFilms

[info] 
=== Project Setup
[info] 
[info] First, let's associate this project directory with a Firebase project.
[info] You can create multiple project aliases by running firebase use --add, 
[info] but for now we'll just set up a default project.
[info] 
[debug] [2021-07-13T08:48:44.187Z] >>> [apiv2][query] GET https://firebase.googleapis.com/v1beta1/projects pageSize=100
[debug] [2021-07-13T08:48:45.259Z] <<< [apiv2][status] GET https://firebase.googleapis.com/v1beta1/projects 200
[debug] [2021-07-13T08:48:45.259Z] <<< [apiv2][body] GET https://firebase.googleapis.com/v1beta1/projects [omitted]
[debug] [2021-07-13T08:48:45.259Z] Found more than 100 projects, selecting via prompt
[debug] [2021-07-13T08:49:18.796Z] >>> [apiv2][query] GET https://firebase.googleapis.com/v1beta1/projects/ Receive email updates about new Firebase features, research, and events [none]
[debug] [2021-07-13T08:49:19.052Z] <<< [apiv2][status] GET https://firebase.googleapis.com/v1beta1/projects/ Receive email updates about new Firebase features, research, and events 400
[debug] [2021-07-13T08:49:19.053Z] <<< [apiv2][body] GET https://firebase.googleapis.com/v1beta1/projects/ Receive email updates about new Firebase features, research, and events {"error":{"code":400,"message":"Request contains an invalid argument.","status":"INVALID_ARGUMENT"}}
[debug] [2021-07-13T08:49:19.054Z] HTTP Error: 400, Request contains an invalid argument.
[debug] [2021-07-13T08:49:19.056Z] FirebaseError: HTTP Error: 400, Request contains an invalid argument.
    at module.exports (/home/gevorg/projects/SWFilms/node_modules/firebase-tools/lib/responseToError.js:38:12)
    at Client.doRequest (/home/gevorg/projects/SWFilms/node_modules/firebase-tools/lib/apiv2.js:238:23)
    at processTicksAndRejections (internal/process/task_queues.js:95:5)
    at async Client.request (/home/gevorg/projects/SWFilms/node_modules/firebase-tools/lib/apiv2.js:96:20)
    at async getFirebaseProject (/home/gevorg/projects/SWFilms/node_modules/firebase-tools/lib/management/projects.js:290:21)
    at async selectProjectByPrompting (/home/gevorg/projects/SWFilms/node_modules/firebase-tools/lib/management/projects.js:110:12)
    at async Object.doSetup [as project] (/home/gevorg/projects/SWFilms/node_modules/firebase-tools/lib/init/features/project.js:87:27)
    at async init (/home/gevorg/projects/SWFilms/node_modules/firebase-tools/lib/init/index.js:19:9)
[error] 
[error] Error: Failed to get Firebase project  Receive email updates about new Firebase features, research, and events. Please make sure the project exists and your account has permission to access it.
[debug] [2021-07-13T08:49:23.923Z] ----------------------------------------------------------------------
[debug] [2021-07-13T08:49:23.926Z] Command:       /usr/local/bin/node /home/gevorg/projects/SWFilms/node_modules/.bin/firebase init
[debug] [2021-07-13T08:49:23.926Z] CLI Version:   9.16.0
[debug] [2021-07-13T08:49:23.927Z] Platform:      linux
[debug] [2021-07-13T08:49:23.927Z] Node Version:  v14.17.1
[debug] [2021-07-13T08:49:23.927Z] Time:          Tue Jul 13 2021 15:49:23 GMT+0700 (Красноярск, стандартное время)
[debug] [2021-07-13T08:49:23.927Z] ----------------------------------------------------------------------
[debug] 
[debug] [2021-07-13T08:49:23.933Z] > command requires scopes: ["email","openid","https://www.googleapis.com/auth/cloudplatformprojects.readonly","https://www.googleapis.com/auth/firebase","https://www.googleapis.com/auth/cloud-platform"]
[debug] [2021-07-13T08:49:23.933Z] > authorizing via signed-in user (gevorg.gevorgyan@saritasa.com)
[info] 
     ######## #### ########  ######## ########     ###     ######  ########
     ##        ##  ##     ## ##       ##     ##  ##   ##  ##       ##
     ######    ##  ########  ######   ########  #########  ######  ######
     ##        ##  ##    ##  ##       ##     ## ##     ##       ## ##
     ##       #### ##     ## ######## ########  ##     ##  ######  ########

You're about to initialize a Firebase project in this directory:

  /home/gevorg/projects/SWFilms

[info] 
=== Project Setup
[info] 
[info] First, let's associate this project directory with a Firebase project.
[info] You can create multiple project aliases by running firebase use --add, 
[info] but for now we'll just set up a default project.
[info] 
[debug] [2021-07-13T08:49:29.468Z] >>> [apiv2][query] GET https://firebase.googleapis.com/v1beta1/projects pageSize=100
[debug] [2021-07-13T08:49:30.416Z] <<< [apiv2][status] GET https://firebase.googleapis.com/v1beta1/projects 200
[debug] [2021-07-13T08:49:30.416Z] <<< [apiv2][body] GET https://firebase.googleapis.com/v1beta1/projects [omitted]
[debug] [2021-07-13T08:49:30.416Z] Found more than 100 projects, selecting via prompt
[debug] [2021-07-13T08:49:34.520Z] >>> [apiv2][query] GET https://firebase.googleapis.com/v1beta1/projects/SWFilms [none]
[debug] [2021-07-13T08:49:34.782Z] <<< [apiv2][status] GET https://firebase.googleapis.com/v1beta1/projects/SWFilms 400
[debug] [2021-07-13T08:49:34.783Z] <<< [apiv2][body] GET https://firebase.googleapis.com/v1beta1/projects/SWFilms {"error":{"code":400,"message":"Request contains an invalid argument.","status":"INVALID_ARGUMENT"}}
[debug] [2021-07-13T08:49:34.783Z] HTTP Error: 400, Request contains an invalid argument.
[debug] [2021-07-13T08:49:34.785Z] FirebaseError: HTTP Error: 400, Request contains an invalid argument.
    at module.exports (/home/gevorg/projects/SWFilms/node_modules/firebase-tools/lib/responseToError.js:38:12)
    at Client.doRequest (/home/gevorg/projects/SWFilms/node_modules/firebase-tools/lib/apiv2.js:238:23)
    at processTicksAndRejections (internal/process/task_queues.js:95:5)
    at async Client.request (/home/gevorg/projects/SWFilms/node_modules/firebase-tools/lib/apiv2.js:96:20)
    at async getFirebaseProject (/home/gevorg/projects/SWFilms/node_modules/firebase-tools/lib/management/projects.js:290:21)
    at async selectProjectByPrompting (/home/gevorg/projects/SWFilms/node_modules/firebase-tools/lib/management/projects.js:110:12)
    at async Object.doSetup [as project] (/home/gevorg/projects/SWFilms/node_modules/firebase-tools/lib/init/features/project.js:87:27)
    at async init (/home/gevorg/projects/SWFilms/node_modules/firebase-tools/lib/init/index.js:19:9)
[error] 
[error] Error: Failed to get Firebase project SWFilms. Please make sure the project exists and your account has permission to access it.
[debug] [2021-07-13T08:50:28.356Z] ----------------------------------------------------------------------
[debug] [2021-07-13T08:50:28.359Z] Command:       /usr/local/bin/node /home/gevorg/projects/SWFilms/node_modules/.bin/firebase init
[debug] [2021-07-13T08:50:28.359Z] CLI Version:   9.16.0
[debug] [2021-07-13T08:50:28.359Z] Platform:      linux
[debug] [2021-07-13T08:50:28.359Z] Node Version:  v14.17.1
[debug] [2021-07-13T08:50:28.360Z] Time:          Tue Jul 13 2021 15:50:28 GMT+0700 (Красноярск, стандартное время)
[debug] [2021-07-13T08:50:28.360Z] ----------------------------------------------------------------------
[debug] 
[debug] [2021-07-13T08:50:28.366Z] > command requires scopes: ["email","openid","https://www.googleapis.com/auth/cloudplatformprojects.readonly","https://www.googleapis.com/auth/firebase","https://www.googleapis.com/auth/cloud-platform"]
[debug] [2021-07-13T08:50:28.366Z] > authorizing via signed-in user (gevorg.gevorgyan@saritasa.com)
[info] 
     ######## #### ########  ######## ########     ###     ######  ########
     ##        ##  ##     ## ##       ##     ##  ##   ##  ##       ##
     ######    ##  ########  ######   ########  #########  ######  ######
     ##        ##  ##    ##  ##       ##     ## ##     ##       ## ##
     ##       #### ##     ## ######## ########  ##     ##  ######  ########

You're about to initialize a Firebase project in this directory:

  /home/gevorg/projects/SWFilms

[info] 
=== Project Setup
[info] 
[info] First, let's associate this project directory with a Firebase project.
[info] You can create multiple project aliases by running firebase use --add, 
[info] but for now we'll just set up a default project.
[info] 
[debug] [2021-07-13T08:50:33.798Z] >>> [apiv2][query] GET https://firebase.googleapis.com/v1beta1/projects pageSize=100
[debug] [2021-07-13T08:50:34.752Z] <<< [apiv2][status] GET https://firebase.googleapis.com/v1beta1/projects 200
[debug] [2021-07-13T08:50:34.752Z] <<< [apiv2][body] GET https://firebase.googleapis.com/v1beta1/projects [omitted]
[debug] [2021-07-13T08:50:34.753Z] Found more than 100 projects, selecting via prompt
[debug] [2021-07-13T08:50:36.514Z] >>> [apiv2][query] GET https://firebase.googleapis.com/v1beta1/projects/swfilms-eac07 [none]
[debug] [2021-07-13T08:50:36.928Z] <<< [apiv2][status] GET https://firebase.googleapis.com/v1beta1/projects/swfilms-eac07 200
[debug] [2021-07-13T08:50:36.929Z] <<< [apiv2][body] GET https://firebase.googleapis.com/v1beta1/projects/swfilms-eac07 {"projectId":"swfilms-eac07","projectNumber":"584668937233","displayName":"SWFilms","name":"projects/swfilms-eac07","resources":{"hostingSite":"swfilms-eac07","storageBucket":"swfilms-eac07.appspot.com","locationId":"us-central"},"state":"ACTIVE"}
[info] i  Using project swfilms-eac07 (SWFilms) 
[info] 
=== Hosting Setup
[info] 
[info] Your public directory is the folder (relative to your project directory) that
[info] will contain Hosting assets to be uploaded with firebase deploy. If you
[info] have a build process for your assets, use your build's output directory.
[info] 
